<?xml version="1.0" encoding="UTF-8"?>
<testng-results skipped="0" failed="0" ignored="0" total="1" passed="1">
  <reporter-output>
  </reporter-output>
  <suite name="Default suite" duration-ms="461" started-at="2019-10-20T17:10:13Z" finished-at="2019-10-20T17:10:14Z">
    <groups>
    </groups>
    <test name="Default test" duration-ms="461" started-at="2019-10-20T17:10:13Z" finished-at="2019-10-20T17:10:14Z">
      <class name="TestFeatures.LoginFeatureTest">
        <test-method status="PASS" signature="login_test1()[pri:0, instance:TestFeatures.LoginFeatureTest@1753acfe]" name="login_test1" duration-ms="172" started-at="2019-10-20T17:10:14Z" finished-at="2019-10-20T17:10:14Z">
          <reporter-output>
          </reporter-output>
        </test-method> <!-- login_test1 -->
      </class> <!-- TestFeatures.LoginFeatureTest -->
    </test> <!-- Default test -->
  </suite> <!-- Default suite -->
</testng-results>
